Flutter crash report.
Please report a bug at https://github.com/flutter/flutter/issues.

## command

flutter run

## exception

PathAccessException: PathAccessException: Cannot delete file, path = 'build\flutter_assets\shaders/ink_sparkle.frag.spirv' (OS Error: El proceso no tiene acceso al archivo porque está siendo utilizado por otro proceso.
, errno = 32)

```
#0      _File.throwIfError (dart:io/file_impl.dart:675:7)
#1      _File._deleteSync (dart:io/file_impl.dart:329:5)
#2      FileSystemEntity.deleteSync (dart:io/file_system_entity.dart:407:7)
#3      ForwardingFileSystemEntity.deleteSync (package:file/src/forwarding/forwarding_file_system_entity.dart:70:16)
#4      ForwardingFileSystemEntity.deleteSync (package:file/src/forwarding/forwarding_file_system_entity.dart:70:16)
#5      ErrorHandlingFileSystem.deleteIfExists (package:flutter_tools/src/base/error_handling_io.dart:84:14)
#6      ShaderCompiler.compileShader (package:flutter_tools/src/build_system/tools/shader_compiler.dart:199:29)
<asynchronous suspension>
#7      writeBundle.<anonymous closure> (package:flutter_tools/src/bundle_builder.dart:221:25)
<asynchronous suspension>
#8      Future.wait.<anonymous closure> (dart:async/future.dart:534:21)
<asynchronous suspension>
#9      writeBundle (package:flutter_tools/src/bundle_builder.dart:187:3)
<asynchronous suspension>
#10     WebDevFS.update (package:flutter_tools/src/isolated/devfs_web.dart:1005:9)
<asynchronous suspension>
#11     ResidentWebRunner._updateDevFS (package:flutter_tools/src/isolated/resident_web_runner.dart:583:35)
<asynchronous suspension>
#12     ResidentWebRunner.run.<anonymous closure> (package:flutter_tools/src/isolated/resident_web_runner.dart:334:41)
<asynchronous suspension>
#13     asyncGuard.<anonymous closure> (package:flutter_tools/src/base/async_guard.dart:111:24)
<asynchronous suspension>
```

## flutter doctor

```
[32m[✓][39m Flutter (Channel stable, 3.24.4, on Microsoft Windows [Versi¢n 10.0.19045.5198], locale es-CO)
    [32m•[39m Flutter version 3.24.4 on channel stable at C:\Users\Andres\Documents\flutter_windows_3.19.6-stable\flutter
    [32m•[39m Upstream repository https://github.com/flutter/flutter.git
    [32m•[39m Framework revision 603104015d (5 weeks ago), 2024-10-24 08:01:25 -0700
    [32m•[39m Engine revision db49896cf2
    [32m•[39m Dart version 3.5.4
    [32m•[39m DevTools version 2.37.3

[32m[✓][39m Windows Version (Installed version of Windows is version 10 or higher)

[32m[✓][39m Android toolchain - develop for Android devices (Android SDK version 34.0.0)
    [32m•[39m Android SDK at C:\Users\Andres\AppData\Local\Android\sdk
    [32m•[39m Platform android-34, build-tools 34.0.0
    [32m•[39m Java binary at: C:\Program Files\Android\Android Studio\jbr\bin\java
    [32m•[39m Java version OpenJDK Runtime Environment (build 17.0.9+0--11185874)
    [32m•[39m All Android licenses accepted.

[32m[✓][39m Chrome - develop for the web
    [32m•[39m Chrome at C:\Program Files\Google\Chrome\Application\chrome.exe

[31m[✗][39m Visual Studio - develop Windows apps
    [31m✗[39m Visual Studio not installed; this is necessary to develop Windows apps.
      Download at https://visualstudio.microsoft.com/downloads/.
      Please install the "Desktop development with C++" workload, including all of its default components

[32m[✓][39m Android Studio (version 2023.2)
    [32m•[39m Android Studio at C:\Program Files\Android\Android Studio
    [32m•[39m Flutter plugin can be installed from:
      🔨 https://plugins.jetbrains.com/plugin/9212-flutter
    [32m•[39m Dart plugin can be installed from:
      🔨 https://plugins.jetbrains.com/plugin/6351-dart
    [32m•[39m Java version OpenJDK Runtime Environment (build 17.0.9+0--11185874)

[32m[✓][39m IntelliJ IDEA Community Edition (version 2024.1)
    [32m•[39m IntelliJ at C:\Program Files\JetBrains\IntelliJ IDEA Community Edition 2023.3.3
    [32m•[39m Flutter plugin can be installed from:
      🔨 https://plugins.jetbrains.com/plugin/9212-flutter
    [32m•[39m Dart plugin can be installed from:
      🔨 https://plugins.jetbrains.com/plugin/6351-dart

[32m[✓][39m Connected device (3 available)
    [32m•[39m Windows (desktop) • windows • windows-x64    • Microsoft Windows [Versi¢n 10.0.19045.5198]
    [32m•[39m Chrome (web)      • chrome  • web-javascript • Google Chrome 131.0.6778.86
    [32m•[39m Edge (web)        • edge    • web-javascript • Microsoft Edge 131.0.2903.70

[32m[✓][39m Network resources
    [32m•[39m All expected network resources are available.

[33m![39m Doctor found issues in 1 category.
```
